<?xml version="1.0" encoding="UTF-8"?>
<testsuite xmlns:xsi="http://www.w3.org/2001/XMLSchema-instance" xsi:noNamespaceSchemaLocation="https://maven.apache.org/surefire/maven-surefire-plugin/xsd/surefire-test-report.xsd" name="TestSuite" time="67.598" tests="2" errors="0" skipped="0" failures="1">
  <properties>
    <property name="java.runtime.name" value="Java(TM) SE Runtime Environment"/>
    <property name="sun.boot.library.path" value="C:\Program Files\Java\jdk1.8.0_25\jre\bin"/>
    <property name="java.vm.version" value="25.25-b02"/>
    <property name="java.vm.vendor" value="Oracle Corporation"/>
    <property name="maven.multiModuleProjectDirectory" value="E:\Home Tasks\Selenium Training\Epam_Tat_HomeTasks"/>
    <property name="java.vendor.url" value="http://java.oracle.com/"/>
    <property name="path.separator" value=";"/>
    <property name="guice.disable.misplaced.annotation.check" value="true"/>
    <property name="java.vm.name" value="Java HotSpot(TM) 64-Bit Server VM"/>
    <property name="file.encoding.pkg" value="sun.io"/>
    <property name="user.script" value=""/>
    <property name="user.country" value="US"/>
    <property name="sun.java.launcher" value="SUN_STANDARD"/>
    <property name="sun.os.patch.level" value=""/>
    <property name="java.vm.specification.name" value="Java Virtual Machine Specification"/>
    <property name="user.dir" value="E:\Home Tasks\Selenium Training\Epam_Tat_HomeTasks"/>
    <property name="java.runtime.version" value="1.8.0_25-b18"/>
    <property name="java.awt.graphicsenv" value="sun.awt.Win32GraphicsEnvironment"/>
    <property name="java.endorsed.dirs" value="C:\Program Files\Java\jdk1.8.0_25\jre\lib\endorsed"/>
    <property name="os.arch" value="amd64"/>
    <property name="java.io.tmpdir" value="C:\Users\SREENI~1\AppData\Local\Temp\"/>
    <property name="line.separator" value="&#10;"/>
    <property name="java.vm.specification.vendor" value="Oracle Corporation"/>
    <property name="user.variant" value=""/>
    <property name="os.name" value="Windows 8.1"/>
    <property name="classworlds.conf" value="E:\Home Tasks\Selenium Training\.metadata\.plugins\org.eclipse.m2e.launching\launches\m2conf1238956920106607707.tmp"/>
    <property name="sun.jnu.encoding" value="Cp1252"/>
    <property name="java.library.path" value="C:\Program Files\Java\jdk1.8.0_25\bin;C:\WINDOWS\Sun\Java\bin;C:\WINDOWS\system32;C:\WINDOWS;C:\ProgramData\Oracle\Java\javapath;C:\app\SreenivasuluNaga\product\11.2.0\dbhome_1\bin;c:\Program Files (x86)\AMD APP\bin\x86_64;c:\Program Files (x86)\AMD APP\bin\x86;c:\Program Files (x86)\Intel\iCLS Client\;c:\Program Files\Intel\iCLS Client\;C:\WINDOWS\system32;C:\WINDOWS;C:\WINDOWS\System32\Wbem;C:\WINDOWS\System32\WindowsPowerShell\v1.0\;C:\Program Files\Intel\Intel(R) Management Engine Components\DAL;C:\Program Files\Intel\Intel(R) Management Engine Components\IPT;C:\Program Files (x86)\Intel\Intel(R) Management Engine Components\DAL;C:\Program Files (x86)\Intel\Intel(R) Management Engine Components\IPT;c:\Program Files (x86)\ATI Technologies\ATI.ACE\Core-Static;C:\Program Files (x86)\Windows Live\Shared;C:\Program Files (x86)\Java\jdk1.6.0_24\bin\;C:\Program Files (x86)\Java\jdk1.6.0_24\bin\msvcr71.dll;C:\Program Files\Intel\WiFi\bin\;C:\Program Files\Common Files\Intel\WirelessCommon\;E:\apache-maven\bin;C:\Program Files (x86)\Microsoft SQL Server\100\Tools\Binn\;C:\Program Files\Microsoft SQL Server\100\Tools\Binn\;C:\Program Files\Microsoft SQL Server\100\DTS\Binn\;C:\Program Files (x86)\Microsoft SQL Server\100\Tools\Binn\VSShell\Common7\IDE\;C:\Program Files (x86)\Microsoft Visual Studio 9.0\Common7\IDE\PrivateAssemblies\;C:\Program Files (x86)\Microsoft SQL Server\100\DTS\Binn\;C:\Program Files\Java\jdk1.8.0_25\\bin;C:\Users\sreenivasulu\AppData\Local\Android\sdk\platform-tools\;C:\Users\sreenivasulu\AppData\Local\Android\sdk\tools\;C:\Program Files (x86)\nodejs\;C:\Program Files (x86)\Skype\Phone\;C:\Program Files\Git\cmd;E:\Selenium Classes\Selenium Training 13042016\Selenium Workspace\WebDriverProject\WebDriverLibs\libs;E:\Selenium Classes\Selenium Training 30032016\Selenium Workspace\WebDriverProject\WebDriverLibs\libs;E:\Selenium Classes\Selenium Online 23022016\Selenium Workspace\WebDriverProject\WebDriverLibs\libs;E:\Selenium Classes\Selenium Training 17022016\Selenium Workspace\WebDriverProject\WebDriverLibs\libs;E:\Selenium Classes\Selenium Weekend 12032016\Selenium Workspace\WebDriverProject\WebDriverLibs\libs;E:\Selenium Classes\Selenium Training 20012016\Selenium Workspace\WebDriverProject\WebDriverLibs\libs;E:\Selenium Classes\Selenium Online 12122015\Selenium Workspace\WebDriverProject\WebDriverLibs\libs;E:\Selenium Classes\Selenium Weekend 23012016\Selenium WorkSpace\WebDriverProject\WebDriverLibs\libs;E:\Selenium Classes\Selenium Training 07122015\Selenium WorkSpace\WebDriverProject\WebDriverLibs\libs;E:\Selenium Classes\Selenium Weekend 12122015\Selenium Workspace\WebDriverProject\WebDriverLibs\libs;E:\Selenium Classes\Selenium Training 16112015\Selenium Wokspace\WebDriverProject\WebDriverLibs\libs;E:\Selenium Classes\Selenium Training 14102015\Selenium Framework\WebDriver Project\WebDriverLibs\libs;E:\Selenium Classes\Selenium Weekend 31102015\Selenium Framework\WebDriverProject\WebDriverLibs\libs;E:\Selenium Classes\Selenium Training 30092015\Selenium Framework\WebDriverProject\WebDriverLibs\libs;E:\Selenium Classes\Selenium Training 24082015\Selenium Framework\WebdriverProject\WebdriverLibs\libs;E:\Selenium Classes\Selenium Weekend 22082015\Selenium Framework\WebDriverProject\WebdriverLibs\libs;E:\Selenium Classes\Selenium Training 07132015\Selenium Framwork\WebDriverProject\WebDriverLibs\libs;E:\Selenium Classes\Selenium Weekend 080115\Selenium Framework\WebDriverProject\WebDriverLibs\libs;E:\Selenium Classes\Selenium Training 06272015\Selenium Framework\WebDriverProject\WebDriverLibs\libs;E:\Selenium Classes\Selenium Training 05282015\Selenium Framwork\WebDriverProject\WebDriverLibs\libs;E:\Selenium Classes\Webdriver\WebdriverPrograms\WebDriverLibs\libs;."/>
    <property name="java.specification.name" value="Java Platform API Specification"/>
    <property name="java.class.version" value="52.0"/>
    <property name="sun.management.compiler" value="HotSpot 64-Bit Tiered Compilers"/>
    <property name="os.version" value="6.3"/>
    <property name="user.home" value="C:\Users\sreenivasulu"/>
    <property name="user.timezone" value="Asia/Calcutta"/>
    <property name="java.awt.printerjob" value="sun.awt.windows.WPrinterJob"/>
    <property name="java.specification.version" value="1.8"/>
    <property name="file.encoding" value="Cp1252"/>
    <property name="user.name" value="Sreenivasulu Naga"/>
    <property name="java.class.path" value="/E:/eclipse-jee-neon-R-win32-x86_64/eclipse/plugins/org.eclipse.m2e.maven.runtime_1.7.0.20160603-1931/jars/plexus-classworlds-2.5.2.jar"/>
    <property name="java.vm.specification.version" value="1.8"/>
    <property name="sun.arch.data.model" value="64"/>
    <property name="java.home" value="C:\Program Files\Java\jdk1.8.0_25\jre"/>
    <property name="sun.java.command" value="org.codehaus.plexus.classworlds.launcher.Launcher -B test"/>
    <property name="java.specification.vendor" value="Oracle Corporation"/>
    <property name="user.language" value="en"/>
    <property name="awt.toolkit" value="sun.awt.windows.WToolkit"/>
    <property name="java.vm.info" value="mixed mode"/>
    <property name="java.version" value="1.8.0_25"/>
    <property name="java.ext.dirs" value="C:\Program Files\Java\jdk1.8.0_25\jre\lib\ext;C:\WINDOWS\Sun\Java\lib\ext"/>
    <property name="sun.boot.class.path" value="C:\Program Files\Java\jdk1.8.0_25\jre\lib\resources.jar;C:\Program Files\Java\jdk1.8.0_25\jre\lib\rt.jar;C:\Program Files\Java\jdk1.8.0_25\jre\lib\sunrsasign.jar;C:\Program Files\Java\jdk1.8.0_25\jre\lib\jsse.jar;C:\Program Files\Java\jdk1.8.0_25\jre\lib\jce.jar;C:\Program Files\Java\jdk1.8.0_25\jre\lib\charsets.jar;C:\Program Files\Java\jdk1.8.0_25\jre\lib\jfr.jar;C:\Program Files\Java\jdk1.8.0_25\jre\classes"/>
    <property name="java.vendor" value="Oracle Corporation"/>
    <property name="maven.home" value="E:\Home Tasks\Selenium Training\Epam_Tat_HomeTasks\EMBEDDED"/>
    <property name="file.separator" value="\"/>
    <property name="java.vendor.url.bug" value="http://bugreport.sun.com/bugreport/"/>
    <property name="sun.cpu.endian" value="little"/>
    <property name="sun.io.unicode.encoding" value="UnicodeLittle"/>
    <property name="sun.desktop" value="windows"/>
    <property name="sun.cpu.isalist" value="amd64"/>
  </properties>
  <testcase name="flightBookingTest" classname="org.epam.tests.FlightBookingTest" time="29.456"/>
  <testcase name="validateFlightSearchTest" classname="org.epam.tests.FlightBookingTest" time="6.149">
    <failure message="The following asserts failed:&#10;	expected [Almeria (LEI) - Barcelona (BCN)] but found [Almería (LEI) - Barcelona (BCN)],&#10;	expected [26/6/2017 - 20/7/2017] but found [26/06/2017 - 20/07/2017],&#10;	expected [2 Adults, 2 Children, 2 Babies] but found [2 Adultos, 2 Niños, 2 Bebés]" type="java.lang.AssertionError">java.lang.AssertionError: 
The following asserts failed:
	expected [Almeria (LEI) - Barcelona (BCN)] but found [Almería (LEI) - Barcelona (BCN)],
	expected [26/6/2017 - 20/7/2017] but found [26/06/2017 - 20/07/2017],
	expected [2 Adults, 2 Children, 2 Babies] but found [2 Adultos, 2 Niños, 2 Bebés]
	at org.epam.tests.FlightBookingTest.validateFlightSearchTest(FlightBookingTest.java:51)
</failure>
    <system-out><![CDATA[2017-06-25 20:35:15 INFO  FlightBookingTest:24 - trying to create row based data
2017-06-25 20:35:15 INFO  HelperClass:99 - Converting results to an Array for TestNG
2017-06-25 20:35:15 INFO  HelperClass:104 - Finished converting results to an Array for TestNG
2017-06-25 20:35:21 INFO  BookingResultsPage:47 - journeyDetails 26/06/2017 - 20/07/2017 | 2 Adultos, 2 Niños, 2 Bebés
2017-06-25 20:35:21 INFO  BookingResultsPage:47 - journeyDetails 26/06/2017 - 20/07/2017 | 2 Adultos, 2 Niños, 2 Bebés
]]></system-out>
  </testcase>
</testsuite>